<?xml version="1.0" encoding="UTF-8"?>
<testsuite name="TestMainClass" tests="2" skipped="0" failures="0" errors="0" timestamp="2025-08-01T11:52:07" hostname="AHMEDFELFEL-LAP" time="0.138">
  <properties/>
  <testcase name="[1] Naruto" classname="TestMainClass" time="0.081"/>
  <testcase name="[2] Sasuke" classname="TestMainClass" time="0.021"/>
  <system-out><![CDATA[]]></system-out>
  <system-err><![CDATA[]]></system-err>
</testsuite>
