<?xml version="1.0" encoding="UTF-8"?>
<testsuite name="TestBST" tests="3" skipped="0" failures="0" errors="0" timestamp="2025-08-26T16:00:23" hostname="AHMEDFELFEL-LAP" time="0.07">
  <properties/>
  <testcase name="testInsert()" classname="TestBST" time="0.041"/>
  <testcase name="testSearch()" classname="TestBST" time="0.006"/>
  <testcase name="testTraversal()" classname="TestBST" time="0.015"/>
  <system-out><![CDATA[]]></system-out>
  <system-err><![CDATA[]]></system-err>
</testsuite>
