<?xml version="1.0" encoding="UTF-8"?>
<testsuite name="TestGraphTraversal" tests="2" skipped="0" failures="0" errors="0" timestamp="2025-08-29T17:01:46" hostname="AHMEDFELFEL-LAP" time="0.061">
  <properties/>
  <testcase name="testBFS()" classname="TestGraphTraversal" time="0.053"/>
  <testcase name="testDataStructure()" classname="TestGraphTraversal" time="0.004"/>
  <system-out><![CDATA[]]></system-out>
  <system-err><![CDATA[]]></system-err>
</testsuite>
