<?xml version="1.0" encoding="UTF-8"?>
<testsuite name="TestDelete" tests="1" skipped="0" failures="0" errors="0" timestamp="2025-08-22T16:49:08" hostname="AHMEDFELFEL-LAP" time="0.018">
  <properties/>
  <testcase name="testSolution" classname="TestDelete" time="0.018"/>
  <system-out><![CDATA[]]></system-out>
  <system-err><![CDATA[]]></system-err>
</testsuite>
