<?xml version="1.0" encoding="UTF-8"?>
<testsuite name="TestKnapsack" tests="6" skipped="0" failures="0" errors="0" timestamp="2025-08-29T00:41:26" hostname="AHMEDFELFEL-LAP" time="0.207">
  <properties/>
  <testcase name="testKnapsack2()" classname="TestKnapsack" time="0.069"/>
  <testcase name="testKnapsack3()" classname="TestKnapsack" time="0.026"/>
  <testcase name="testKnapsack4()" classname="TestKnapsack" time="0.024"/>
  <testcase name="testKnapsack5()" classname="TestKnapsack" time="0.045"/>
  <testcase name="testItemClass()" classname="TestKnapsack" time="0.007"/>
  <testcase name="testMineKnapsack()" classname="TestKnapsack" time="0.002"/>
  <system-out><![CDATA[]]></system-out>
  <system-err><![CDATA[]]></system-err>
</testsuite>
