<?xml version="1.0" encoding="UTF-8"?>
<testsuite name="TestMainClass" tests="1" skipped="0" failures="0" errors="0" timestamp="2025-08-01T12:01:08" hostname="AHMEDFELFEL-LAP" time="24.346">
  <properties/>
  <testcase name="testSolution()" classname="TestMainClass" time="24.346"/>
  <system-out><![CDATA[]]></system-out>
  <system-err><![CDATA[]]></system-err>
</testsuite>
