<?xml version="1.0" encoding="UTF-8"?>
<testsuite name="TestQueue" tests="1" skipped="0" failures="0" errors="0" timestamp="2025-08-23T11:42:48" hostname="AHMEDFELFEL-LAP" time="0.016">
  <properties/>
  <testcase name="testSolution" classname="TestQueue" time="0.016"/>
  <system-out><![CDATA[]]></system-out>
  <system-err><![CDATA[]]></system-err>
</testsuite>
